#
# A fatal error has been detected by the Java Runtime Environment:
#
#  EXCEPTION_ACCESS_VIOLATION (0xc0000005) at pc=0x00000259536e203f, pid=4288, tid=7080
#
# JRE version: OpenJDK Runtime Environment (16.0.2+7) (build 16.0.2+7-67)
# Java VM: OpenJDK 64-Bit Server VM (16.0.2+7-67, mixed mode, tiered, compressed oops, compressed class ptrs, g1 gc, windows-amd64)
# Problematic frame:
# j  string_Practice.Methods_2_String.main([Ljava/lang/String;)V+74
#
# No core dump will be written. Minidumps are not enabled by default on client versions of Windows
#
# If you would like to submit a bug report, please visit:
#   https://bugreport.java.com/bugreport/crash.jsp
#

---------------  S U M M A R Y ------------

Command Line: -XX:+ShowCodeDetailsInExceptionMessages -agentlib:jdwp=transport=dt_socket,suspend=y,address=localhost:51256 -javaagent:C:\Users\UNIFY\eclipse\java-2021-06\eclipse\configuration\org.eclipse.osgi\222\0\.cp\lib\javaagent-shaded.jar -Dfile.encoding=Cp1252 string_Practice.Methods_2_String

Host: Intel(R) Core(TM) i7-10610U CPU @ 1.80GHz, 8 cores, 15G,  Windows 10 , 64 bit Build 19041 (10.0.19041.1806)
Time: Sun Aug  7 02:35:02 2022 India Standard Time elapsed time: 596.980365 seconds (0d 0h 9m 56s)

---------------  T H R E A D  ---------------

Current thread (0x000002594e98bd40):  JavaThread "main" [_thread_in_Java, id=7080, stack(0x000000f606200000,0x000000f606300000)]

Stack: [0x000000f606200000,0x000000f606300000],  sp=0x000000f6062ff6c8,  free space=1021k
Native frames: (J=compiled Java code, j=interpreted, Vv=VM code, C=native code)
C  0x00000259536e203f


siginfo: EXCEPTION_ACCESS_VIOLATION (0xc0000005), reading address 0x0000025970c6cb40


Register to memory mapping:

RIP=0x00000259536e203f is at code_begin+63 in an Interpreter codelet
getstatic  178 getstatic  [0x00000259536e2000, 0x00000259536e2480]  1152 bytes
RAX=0x0 is NULL
RBX=0x00000000000000b2 is an unknown value
RCX=0x0000025970c3aa60 is pointing into metadata
RDX=0x0000000000006418 is an unknown value
RSP=0x000000f6062ff6c8 is pointing into the stack for thread: 0x000002594e98bd40
RBP=0x000000f6062ff710 is pointing into the stack for thread: 0x000002594e98bd40
RSI=0x0000000000000003 is an unknown value
RDI=0x00000259536c9f06 is at code_begin+3494 in an Interpreter codelet
return entry points  [0x00000259536c9160, 0x00000259536cb3a0]  8768 bytes
R8 =0x0000000000000002 is an unknown value
R9 =0x0000000000000002 is an unknown value
R10=0x00007ffffd1125b0 jvm.dll
R11={method} {0x0000025970c3a9e0} 'main' '([Ljava/lang/String;)V' in 'string_Practice/Methods_2_String'
R12=0x0 is NULL
R13=0x0000025970c3a97a is pointing into metadata
R14=0x000000f6062ff760 is pointing into the stack for thread: 0x000002594e98bd40
R15=0x000002594e98bd40 is a thread


Registers:
RAX=0x0000000000000000, RBX=0x00000000000000b2, RCX=0x0000025970c3aa60, RDX=0x0000000000006418
RSP=0x000000f6062ff6c8, RBP=0x000000f6062ff710, RSI=0x0000000000000003, RDI=0x00000259536c9f06
R8 =0x0000000000000002, R9 =0x0000000000000002, R10=0x00007ffffd1125b0, R11=0x0000025970c3a9d8
R12=0x0000000000000000, R13=0x0000025970c3a97a, R14=0x000000f6062ff760, R15=0x000002594e98bd40
RIP=0x00000259536e203f, EFLAGS=0x0000000000010206

Top of Stack: (sp=0x000000f6062ff6c8)
0x000000f6062ff6c8:   000000f6062ff6c8 0000025970c3a97a
0x000000f6062ff6d8:   000000f6062ff760 0000025970c3aa60
0x000000f6062ff6e8:   0000000000000000 000000071597bca8
0x000000f6062ff6f8:   0000025970c3a9d8 0000000000000000
0x000000f6062ff708:   000000f6062ff760 000000f6062ff940
0x000000f6062ff718:   00000259536c1010 000000071597d710
0x000000f6062ff728:   0000000000000006 0000000000000006
0x000000f6062ff738:   0000000000000068 000000071597d710
0x000000f6062ff748:   000000071597bfe0 000000071597bfb0
0x000000f6062ff758:   000000071597bf80 000000071597bf70
0x000000f6062ff768:   0000025900000000 0000000000000040
0x000000f6062ff778:   00007fff00000000 000002594e98bd40
0x000000f6062ff788:   00007ffffc8c5b22 00000002ffffff01
0x000000f6062ff798:   00007fff02000002 000002594e98bd40
0x000000f6062ff7a8:   00000008000bb1e8 000002594e98bd40
0x000000f6062ff7b8:   0000000000000000 0000000000000000 

Instructions: (pc=0x00000259536e203f)
0x00000259536e1f3f:   48 83 c4 20 ff e0 49 81 7f 08 00 00 00 00 0f 84
0x00000259536e1f4f:   05 00 00 00 e9 a8 ef fd ff 4c 8b 6d c0 4c 8b 75
0x00000259536e1f5f:   c8 c3 49 ba 90 7a 0e fd ff 7f 00 00 41 80 3a 00
0x00000259536e1f6f:   0f 84 42 00 00 00 48 8b 55 e8 49 8b cf 48 83 ec
0x00000259536e1f7f:   20 f7 c4 0f 00 00 00 0f 84 1a 00 00 00 48 83 ec
0x00000259536e1f8f:   08 49 ba 20 e1 cd fc ff 7f 00 00 41 ff d2 48 83
0x00000259536e1f9f:   c4 08 e9 0d 00 00 00 49 ba 20 e1 cd fc ff 7f 00
0x00000259536e1faf:   00 41 ff d2 48 83 c4 20 48 8b 5d f8 c9 41 5d 48
0x00000259536e1fbf:   8b e3 41 ff e5 0f 1f 40 00 00 00 00 00 00 00 00
0x00000259536e1fcf:   00 00 00 00 00 00 00 00 00 00 00 00 00 00 00 00
0x00000259536e1fdf:   00 a0 04 00 00 00 00 00 00 20 d5 eb fc ff 7f 00
0x00000259536e1fef:   00 b2 00 00 00 00 00 00 00 00 00 00 00 00 00 00
0x00000259536e1fff:   00 48 83 ec 08 c5 fa 11 04 24 e9 25 00 00 00 48
0x00000259536e200f:   83 ec 10 c5 fb 11 04 24 e9 17 00 00 00 48 83 ec
0x00000259536e201f:   10 48 89 04 24 48 c7 44 24 08 00 00 00 00 e9 01
0x00000259536e202f:   00 00 00 50 41 0f b7 55 01 48 8b 4d d0 c1 e2 02
0x00000259536e203f:   8b 5c d1 20 c1 eb 10 81 e3 ff 00 00 00 81 fb b2
0x00000259536e204f:   00 00 00 0f 84 86 01 00 00 bb b2 00 00 00 e8 05
0x00000259536e205f:   00 00 00 e9 6b 01 00 00 48 8b d3 48 8d 44 24 08
0x00000259536e206f:   4c 89 6d c0 49 8b cf c5 f8 77 49 89 af f8 02 00
0x00000259536e207f:   00 49 89 87 e8 02 00 00 48 83 ec 20 f7 c4 0f 00
0x00000259536e208f:   00 00 0f 84 1a 00 00 00 48 83 ec 08 49 ba 70 8f
0x00000259536e209f:   98 fc ff 7f 00 00 41 ff d2 48 83 c4 08 e9 0d 00
0x00000259536e20af:   00 00 49 ba 70 8f 98 fc ff 7f 00 00 41 ff d2 48
0x00000259536e20bf:   83 c4 20 49 c7 87 e8 02 00 00 00 00 00 00 49 c7
0x00000259536e20cf:   87 f8 02 00 00 00 00 00 00 49 c7 87 f0 02 00 00
0x00000259536e20df:   00 00 00 00 49 c7 87 00 03 00 00 00 00 00 00 c5
0x00000259536e20ef:   f8 77 41 8b 8f 24 04 00 00 f7 c1 01 00 00 00 0f
0x00000259536e20ff:   84 49 00 00 00 f7 c1 02 00 00 00 0f 85 3d 00 00
0x00000259536e210f:   00 48 83 ec 20 f7 c4 0f 00 00 00 0f 84 1a 00 00
0x00000259536e211f:   00 48 83 ec 08 49 ba 20 2f 98 fc ff 7f 00 00 41
0x00000259536e212f:   ff d2 48 83 c4 08 e9 0d 00 00 00 49 ba 20 2f 98 


Stack slot to memory mapping:
stack at sp + 0 slots: 0x000000f6062ff6c8 is pointing into the stack for thread: 0x000002594e98bd40
stack at sp + 1 slots: 0x0000025970c3a97a is pointing into metadata
stack at sp + 2 slots: 0x000000f6062ff760 is pointing into the stack for thread: 0x000002594e98bd40
stack at sp + 3 slots: 0x0000025970c3aa60 is pointing into metadata
stack at sp + 4 slots: 0x0 is NULL
stack at sp + 5 slots: 0x000000071597bca8 is an oop: java.lang.Class 
{0x000000071597bca8} - klass: 'java/lang/Class'
stack at sp + 6 slots: {method} {0x0000025970c3a9e0} 'main' '([Ljava/lang/String;)V' in 'string_Practice/Methods_2_String'
stack at sp + 7 slots: 0x0 is NULL

getstatic  178 getstatic  [0x00000259536e2000, 0x00000259536e2480]  1152 bytes
[MachCode]
  0x00000259536e2000: 4883 ec08 | c5fa 1104 | 24e9 2500 | 0000 4883 | ec10 c5fb | 1104 24e9 | 1700 0000 | 4883 ec10 
  0x00000259536e2020: 4889 0424 | 48c7 4424 | 0800 0000 | 00e9 0100 | 0000 5041 | 0fb7 5501 | 488b 4dd0 | c1e2 028b 
  0x00000259536e2040: 5cd1 20c1 | eb10 81e3 | ff00 0000 | 81fb b200 | 0000 0f84 | 8601 0000 | bbb2 0000 | 00e8 0500 
  0x00000259536e2060: 0000 e96b | 0100 0048 | 8bd3 488d | 4424 084c | 896d c049 | 8bcf c5f8 | 7749 89af | f802 0000 
  0x00000259536e2080: 4989 87e8 | 0200 0048 | 83ec 20f7 | c40f 0000 | 000f 841a | 0000 0048 | 83ec 0849 | ba70 8f98 
  0x00000259536e20a0: fcff 7f00 | 0041 ffd2 | 4883 c408 | e90d 0000 | 0049 ba70 | 8f98 fcff | 7f00 0041 | ffd2 4883 
  0x00000259536e20c0: c420 49c7 | 87e8 0200 | 0000 0000 | 0049 c787 | f802 0000 | 0000 0000 | 49c7 87f0 | 0200 0000 
  0x00000259536e20e0: 0000 0049 | c787 0003 | 0000 0000 | 0000 c5f8 | 7741 8b8f | 2404 0000 | f7c1 0100 | 0000 0f84 
  0x00000259536e2100: 4900 0000 | f7c1 0200 | 0000 0f85 | 3d00 0000 | 4883 ec20 | f7c4 0f00 | 0000 0f84 | 1a00 0000 
  0x00000259536e2120: 4883 ec08 | 49ba 202f | 98fc ff7f | 0000 41ff | d248 83c4 | 08e9 0d00 | 0000 49ba | 202f 98fc 
  0x00000259536e2140: ff7f 0000 | 41ff d248 | 83c4 20ff | e049 8b8f | d004 0000 | 4885 c90f | 8459 0000 | 008b 898c 
  0x00000259536e2160: 0000 0083 | f901 0f85 | 4a00 0000 | 498b 8fd0 | 0400 008b | 8990 0000 | 0048 83ec | 20f7 c40f 
  0x00000259536e2180: 0000 000f | 841a 0000 | 0048 83ec | 0849 ba10 | 2f98 fcff | 7f00 0041 | ffd2 4883 | c408 e90d 
  0x00000259536e21a0: 0000 0049 | ba10 2f98 | fcff 7f00 | 0041 ffd2 | 4883 c420 | ffe0 4981 | 7f08 0000 | 0000 0f84 
  0x00000259536e21c0: 0500 0000 | e937 edfd | ff4c 8b6d | c04c 8b75 | c8c3 410f | b755 0148 | 8b4d d0c1 | e202 49ba 
  0x00000259536e21e0: 40c1 0efd | ff7f 0000 | 418b 0285 | c00f 8491 | 0100 0048 | 83c1 20c1 | e203 4803 | ca48 33c0 
  0x00000259536e2200: e805 0000 | 00e9 6e01 | 0000 4c8b | c148 8bd0 | 488d 4424 | 084c 896d | c049 8bcf | c5f8 7749 
  0x00000259536e2220: 89af f802 | 0000 4989 | 87e8 0200 | 0048 83ec | 20f7 c40f | 0000 000f | 841a 0000 | 0048 83ec 
  0x00000259536e2240: 0849 ba80 | 8298 fcff | 7f00 0041 | ffd2 4883 | c408 e90d | 0000 0049 | ba80 8298 | fcff 7f00 
  0x00000259536e2260: 0041 ffd2 | 4883 c420 | 49c7 87e8 | 0200 0000 | 0000 0049 | c787 f802 | 0000 0000 | 0000 49c7 
  0x00000259536e2280: 87f0 0200 | 0000 0000 | 0049 c787 | 0003 0000 | 0000 0000 | c5f8 7741 | 8b8f 2404 | 0000 f7c1 
  0x00000259536e22a0: 0100 0000 | 0f84 4900 | 0000 f7c1 | 0200 0000 | 0f85 3d00 | 0000 4883 | ec20 f7c4 | 0f00 0000 
  0x00000259536e22c0: 0f84 1a00 | 0000 4883 | ec08 49ba | 202f 98fc | ff7f 0000 | 41ff d248 | 83c4 08e9 | 0d00 0000 
  0x00000259536e22e0: 49ba 202f | 98fc ff7f | 0000 41ff | d248 83c4 | 20ff e049 | 8b8f d004 | 0000 4885 | c90f 8459 
  0x00000259536e2300: 0000 008b | 898c 0000 | 0083 f901 | 0f85 4a00 | 0000 498b | 8fd0 0400 | 008b 8990 | 0000 0048 
  0x00000259536e2320: 83ec 20f7 | c40f 0000 | 000f 841a | 0000 0048 | 83ec 0849 | ba10 2f98 | fcff 7f00 | 0041 ffd2 
  0x00000259536e2340: 4883 c408 | e90d 0000 | 0049 ba10 | 2f98 fcff | 7f00 0041 | ffd2 4883 | c420 ffe0 | 4981 7f08 
  0x00000259536e2360: 0000 0000 | 0f84 0500 | 0000 e991 | ebfd ff4c | 8b6d c04c | 8b75 c8c3 | 410f b755 | 0148 8b4d 
  0x00000259536e2380: d0c1 e202 | 488b 5cd1 | 308b 44d1 | 384c 8b4c | d128 4d8b | 4970 4d8b | 09c1 e81c | 83e0 0f0f 
  0x00000259536e23a0: 850b 0000 | 0041 0fbe | 0419 50e9 | b500 0000 | 83f8 010f | 850b 0000 | 0041 0fb6 | 0419 50e9 
  0x00000259536e23c0: a100 0000 | 83f8 080f | 850e 0000 | 0041 8b04 | 1948 c1e0 | 0350 e98a | 0000 0083 | f804 0f85 
  0x00000259536e23e0: 0a00 0000 | 418b 0419 | 50e9 7700 | 0000 83f8 | 020f 850b | 0000 0041 | 0fb7 0419 | 50e9 6300 
  0x00000259536e2400: 0000 83f8 | 030f 850b | 0000 0041 | 0fbf 0419 | 50e9 4f00 | 0000 83f8 | 050f 851a | 0000 0049 
  0x00000259536e2420: 8b04 1948 | 83ec 1048 | 8904 2448 | c744 2408 | 0000 0000 | e92c 0000 | 0083 f806 | 0f85 1400 
  0x00000259536e2440: 0000 c4c1 | 7a10 0419 | 4883 ec08 | c5fa 1104 | 24e9 0f00 | 0000 c4c1 | 7b10 0419 | 4883 ec10 
  0x00000259536e2460: c5fb 1104 | 2441 0fb6 | 5d03 4983 | c503 49ba | b0d5 10fd | ff7f 0000 | 41ff 24da | 0f1f 4000 
[/MachCode]

---------------  P R O C E S S  ---------------

Threads class SMR info:
_java_thread_list=0x0000025970348850, length=15, elements={
0x000002594e98bd40, 0x000002596fc32710, 0x000002596fc32ef0, 0x000002596fc75ba0,
0x000002596fc760c0, 0x000002596fc7a5f0, 0x000002596fc7b120, 0x000002596fc86e80,
0x000002596fc894a0, 0x000002596fc9bdf0, 0x000002596fd35020, 0x000002596ff06900,
0x000002596ff1b710, 0x000002596ff1c1f0, 0x00000259703c9e70
}

Java Threads: ( => current thread )
=>0x000002594e98bd40 JavaThread "main" [_thread_in_Java, id=7080, stack(0x000000f606200000,0x000000f606300000)]
  0x000002596fc32710 JavaThread "Reference Handler" daemon [_thread_blocked, id=3244, stack(0x000000f606900000,0x000000f606a00000)]
  0x000002596fc32ef0 JavaThread "Finalizer" daemon [_thread_blocked, id=11376, stack(0x000000f606a00000,0x000000f606b00000)]
  0x000002596fc75ba0 JavaThread "Signal Dispatcher" daemon [_thread_blocked, id=11500, stack(0x000000f606b00000,0x000000f606c00000)]
  0x000002596fc760c0 JavaThread "Attach Listener" daemon [_thread_blocked, id=11040, stack(0x000000f606c00000,0x000000f606d00000)]
  0x000002596fc7a5f0 JavaThread "Service Thread" daemon [_thread_blocked, id=9024, stack(0x000000f606d00000,0x000000f606e00000)]
  0x000002596fc7b120 JavaThread "Monitor Deflation Thread" daemon [_thread_blocked, id=9752, stack(0x000000f606e00000,0x000000f606f00000)]
  0x000002596fc86e80 JavaThread "C2 CompilerThread0" daemon [_thread_blocked, id=7744, stack(0x000000f606f00000,0x000000f607000000)]
  0x000002596fc894a0 JavaThread "C1 CompilerThread0" daemon [_thread_blocked, id=1764, stack(0x000000f607000000,0x000000f607100000)]
  0x000002596fc9bdf0 JavaThread "Sweeper thread" daemon [_thread_blocked, id=4624, stack(0x000000f607100000,0x000000f607200000)]
  0x000002596fd35020 JavaThread "Common-Cleaner" daemon [_thread_blocked, id=4708, stack(0x000000f607200000,0x000000f607300000)]
  0x000002596ff06900 JavaThread "JDWP Transport Listener: dt_socket" daemon [_thread_blocked, id=956, stack(0x000000f607400000,0x000000f607500000)]
  0x000002596ff1b710 JavaThread "JDWP Event Helper Thread" daemon [_thread_blocked, id=9232, stack(0x000000f607500000,0x000000f607600000)]
  0x000002596ff1c1f0 JavaThread "JDWP Command Reader" daemon [_thread_in_native, id=9428, stack(0x000000f607600000,0x000000f607700000)]
  0x00000259703c9e70 JavaThread "Notification Thread" daemon [_thread_blocked, id=9432, stack(0x000000f607300000,0x000000f607400000)]

Other Threads:
  0x000002596fc31020 VMThread "VM Thread" [stack: 0x000000f606800000,0x000000f606900000] [id=11800]
  0x000002594e98c9f0 WatcherThread [stack: 0x000000f607700000,0x000000f607800000] [id=11508]
  0x000002594e9d9e00 GCTaskThread "GC Thread#0" [stack: 0x000000f606300000,0x000000f606400000] [id=7860]
  0x000002594e9ea710 ConcurrentGCThread "G1 Main Marker" [stack: 0x000000f606400000,0x000000f606500000] [id=11764]
  0x000002594e9eb830 ConcurrentGCThread "G1 Conc#0" [stack: 0x000000f606500000,0x000000f606600000] [id=6520]
  0x000002596ef220d0 ConcurrentGCThread "G1 Refine#0" [stack: 0x000000f606600000,0x000000f606700000] [id=2736]
  0x000002596ef24580 ConcurrentGCThread "G1 Service" [stack: 0x000000f606700000,0x000000f606800000] [id=11660]

Threads with active compile tasks:

VM state: not at safepoint (normal execution)

VM Mutex/Monitor currently owned by a thread: None

Heap address: 0x0000000706400000, size: 3996 MB, Compressed Oops mode: Zero based, Oop shift amount: 3

CDS disabled.
Compressed class space mapped at: 0x0000000800000000-0x0000000840000000, reserved size: 1073741824
Narrow klass base: 0x0000000800000000, Narrow klass shift: 0, Narrow klass range: 0x40000000

GC Precious Log:
 CPUs: 8 total, 8 available
 Memory: 15980M
 Large Page Support: Disabled
 NUMA Support: Disabled
 Compressed Oops: Enabled (Zero based)
 Heap Region Size: 2M
 Heap Min Capacity: 8M
 Heap Initial Capacity: 250M
 Heap Max Capacity: 3996M
 Pre-touch: Disabled
 Parallel Workers: 8
 Concurrent Workers: 2
 Concurrent Refinement Workers: 8
 Periodic GC: Disabled

Heap:
 garbage-first heap   total 256000K, used 4096K [0x0000000706400000, 0x0000000800000000)
  region size 2048K, 3 young (6144K), 0 survivors (0K)
 Metaspace       used 9204K, committed 9344K, reserved 1064960K
  class space    used 783K, committed 832K, reserved 1048576K

Heap Regions: E=young(eden), S=young(survivor), O=old, HS=humongous(starts), HC=humongous(continues), CS=collection set, F=free, OA=open archive, CA=closed archive, TAMS=top-at-mark-start (previous, next)
|   0|0x0000000706400000, 0x0000000706400000, 0x0000000706600000|  0%| F|  |TAMS 0x0000000706400000, 0x0000000706400000| Untracked 
|   1|0x0000000706600000, 0x0000000706600000, 0x0000000706800000|  0%| F|  |TAMS 0x0000000706600000, 0x0000000706600000| Untracked 
|   2|0x0000000706800000, 0x0000000706800000, 0x0000000706a00000|  0%| F|  |TAMS 0x0000000706800000, 0x0000000706800000| Untracked 
|   3|0x0000000706a00000, 0x0000000706a00000, 0x0000000706c00000|  0%| F|  |TAMS 0x0000000706a00000, 0x0000000706a00000| Untracked 
|   4|0x0000000706c00000, 0x0000000706c00000, 0x0000000706e00000|  0%| F|  |TAMS 0x0000000706c00000, 0x0000000706c00000| Untracked 
|   5|0x0000000706e00000, 0x0000000706e00000, 0x0000000707000000|  0%| F|  |TAMS 0x0000000706e00000, 0x0000000706e00000| Untracked 
|   6|0x0000000707000000, 0x0000000707000000, 0x0000000707200000|  0%| F|  |TAMS 0x0000000707000000, 0x0000000707000000| Untracked 
|   7|0x0000000707200000, 0x0000000707200000, 0x0000000707400000|  0%| F|  |TAMS 0x0000000707200000, 0x0000000707200000| Untracked 
|   8|0x0000000707400000, 0x0000000707400000, 0x0000000707600000|  0%| F|  |TAMS 0x0000000707400000, 0x0000000707400000| Untracked 
|   9|0x0000000707600000, 0x0000000707600000, 0x0000000707800000|  0%| F|  |TAMS 0x0000000707600000, 0x0000000707600000| Untracked 
|  10|0x0000000707800000, 0x0000000707800000, 0x0000000707a00000|  0%| F|  |TAMS 0x0000000707800000, 0x0000000707800000| Untracked 
|  11|0x0000000707a00000, 0x0000000707a00000, 0x0000000707c00000|  0%| F|  |TAMS 0x0000000707a00000, 0x0000000707a00000| Untracked 
|  12|0x0000000707c00000, 0x0000000707c00000, 0x0000000707e00000|  0%| F|  |TAMS 0x0000000707c00000, 0x0000000707c00000| Untracked 
|  13|0x0000000707e00000, 0x0000000707e00000, 0x0000000708000000|  0%| F|  |TAMS 0x0000000707e00000, 0x0000000707e00000| Untracked 
|  14|0x0000000708000000, 0x0000000708000000, 0x0000000708200000|  0%| F|  |TAMS 0x0000000708000000, 0x0000000708000000| Untracked 
|  15|0x0000000708200000, 0x0000000708200000, 0x0000000708400000|  0%| F|  |TAMS 0x0000000708200000, 0x0000000708200000| Untracked 
|  16|0x0000000708400000, 0x0000000708400000, 0x0000000708600000|  0%| F|  |TAMS 0x0000000708400000, 0x0000000708400000| Untracked 
|  17|0x0000000708600000, 0x0000000708600000, 0x0000000708800000|  0%| F|  |TAMS 0x0000000708600000, 0x0000000708600000| Untracked 
|  18|0x0000000708800000, 0x0000000708800000, 0x0000000708a00000|  0%| F|  |TAMS 0x0000000708800000, 0x0000000708800000| Untracked 
|  19|0x0000000708a00000, 0x0000000708a00000, 0x0000000708c00000|  0%| F|  |TAMS 0x0000000708a00000, 0x0000000708a00000| Untracked 
|  20|0x0000000708c00000, 0x0000000708c00000, 0x0000000708e00000|  0%| F|  |TAMS 0x0000000708c00000, 0x0000000708c00000| Untracked 
|  21|0x0000000708e00000, 0x0000000708e00000, 0x0000000709000000|  0%| F|  |TAMS 0x0000000708e00000, 0x0000000708e00000| Untracked 
|  22|0x0000000709000000, 0x0000000709000000, 0x0000000709200000|  0%| F|  |TAMS 0x0000000709000000, 0x0000000709000000| Untracked 
|  23|0x0000000709200000, 0x0000000709200000, 0x0000000709400000|  0%| F|  |TAMS 0x0000000709200000, 0x0000000709200000| Untracked 
|  24|0x0000000709400000, 0x0000000709400000, 0x0000000709600000|  0%| F|  |TAMS 0x0000000709400000, 0x0000000709400000| Untracked 
|  25|0x0000000709600000, 0x0000000709600000, 0x0000000709800000|  0%| F|  |TAMS 0x0000000709600000, 0x0000000709600000| Untracked 
|  26|0x0000000709800000, 0x0000000709800000, 0x0000000709a00000|  0%| F|  |TAMS 0x0000000709800000, 0x0000000709800000| Untracked 
|  27|0x0000000709a00000, 0x0000000709a00000, 0x0000000709c00000|  0%| F|  |TAMS 0x0000000709a00000, 0x0000000709a00000| Untracked 
|  28|0x0000000709c00000, 0x0000000709c00000, 0x0000000709e00000|  0%| F|  |TAMS 0x0000000709c00000, 0x0000000709c00000| Untracked 
|  29|0x0000000709e00000, 0x0000000709e00000, 0x000000070a000000|  0%| F|  |TAMS 0x0000000709e00000, 0x0000000709e00000| Untracked 
|  30|0x000000070a000000, 0x000000070a000000, 0x000000070a200000|  0%| F|  |TAMS 0x000000070a000000, 0x000000070a000000| Untracked 
|  31|0x000000070a200000, 0x000000070a200000, 0x000000070a400000|  0%| F|  |TAMS 0x000000070a200000, 0x000000070a200000| Untracked 
|  32|0x000000070a400000, 0x000000070a400000, 0x000000070a600000|  0%| F|  |TAMS 0x000000070a400000, 0x000000070a400000| Untracked 
|  33|0x000000070a600000, 0x000000070a600000, 0x000000070a800000|  0%| F|  |TAMS 0x000000070a600000, 0x000000070a600000| Untracked 
|  34|0x000000070a800000, 0x000000070a800000, 0x000000070aa00000|  0%| F|  |TAMS 0x000000070a800000, 0x000000070a800000| Untracked 
|  35|0x000000070aa00000, 0x000000070aa00000, 0x000000070ac00000|  0%| F|  |TAMS 0x000000070aa00000, 0x000000070aa00000| Untracked 
|  36|0x000000070ac00000, 0x000000070ac00000, 0x000000070ae00000|  0%| F|  |TAMS 0x000000070ac00000, 0x000000070ac00000| Untracked 
|  37|0x000000070ae00000, 0x000000070ae00000, 0x000000070b000000|  0%| F|  |TAMS 0x000000070ae00000, 0x000000070ae00000| Untracked 
|  38|0x000000070b000000, 0x000000070b000000, 0x000000070b200000|  0%| F|  |TAMS 0x000000070b000000, 0x000000070b000000| Untracked 
|  39|0x000000070b200000, 0x000000070b200000, 0x000000070b400000|  0%| F|  |TAMS 0x000000070b200000, 0x000000070b200000| Untracked 
|  40|0x000000070b400000, 0x000000070b400000, 0x000000070b600000|  0%| F|  |TAMS 0x000000070b400000, 0x000000070b400000| Untracked 
|  41|0x000000070b600000, 0x000000070b600000, 0x000000070b800000|  0%| F|  |TAMS 0x000000070b600000, 0x000000070b600000| Untracked 
|  42|0x000000070b800000, 0x000000070b800000, 0x000000070ba00000|  0%| F|  |TAMS 0x000000070b800000, 0x000000070b800000| Untracked 
|  43|0x000000070ba00000, 0x000000070ba00000, 0x000000070bc00000|  0%| F|  |TAMS 0x000000070ba00000, 0x000000070ba00000| Untracked 
|  44|0x000000070bc00000, 0x000000070bc00000, 0x000000070be00000|  0%| F|  |TAMS 0x000000070bc00000, 0x000000070bc00000| Untracked 
|  45|0x000000070be00000, 0x000000070be00000, 0x000000070c000000|  0%| F|  |TAMS 0x000000070be00000, 0x000000070be00000| Untracked 
|  46|0x000000070c000000, 0x000000070c000000, 0x000000070c200000|  0%| F|  |TAMS 0x000000070c000000, 0x000000070c000000| Untracked 
|  47|0x000000070c200000, 0x000000070c200000, 0x000000070c400000|  0%| F|  |TAMS 0x000000070c200000, 0x000000070c200000| Untracked 
|  48|0x000000070c400000, 0x000000070c400000, 0x000000070c600000|  0%| F|  |TAMS 0x000000070c400000, 0x000000070c400000| Untracked 
|  49|0x000000070c600000, 0x000000070c600000, 0x000000070c800000|  0%| F|  |TAMS 0x000000070c600000, 0x000000070c600000| Untracked 
|  50|0x000000070c800000, 0x000000070c800000, 0x000000070ca00000|  0%| F|  |TAMS 0x000000070c800000, 0x000000070c800000| Untracked 
|  51|0x000000070ca00000, 0x000000070ca00000, 0x000000070cc00000|  0%| F|  |TAMS 0x000000070ca00000, 0x000000070ca00000| Untracked 
|  52|0x000000070cc00000, 0x000000070cc00000, 0x000000070ce00000|  0%| F|  |TAMS 0x000000070cc00000, 0x000000070cc00000| Untracked 
|  53|0x000000070ce00000, 0x000000070ce00000, 0x000000070d000000|  0%| F|  |TAMS 0x000000070ce00000, 0x000000070ce00000| Untracked 
|  54|0x000000070d000000, 0x000000070d000000, 0x000000070d200000|  0%| F|  |TAMS 0x000000070d000000, 0x000000070d000000| Untracked 
|  55|0x000000070d200000, 0x000000070d200000, 0x000000070d400000|  0%| F|  |TAMS 0x000000070d200000, 0x000000070d200000| Untracked 
|  56|0x000000070d400000, 0x000000070d400000, 0x000000070d600000|  0%| F|  |TAMS 0x000000070d400000, 0x000000070d400000| Untracked 
|  57|0x000000070d600000, 0x000000070d600000, 0x000000070d800000|  0%| F|  |TAMS 0x000000070d600000, 0x000000070d600000| Untracked 
|  58|0x000000070d800000, 0x000000070d800000, 0x000000070da00000|  0%| F|  |TAMS 0x000000070d800000, 0x000000070d800000| Untracked 
|  59|0x000000070da00000, 0x000000070da00000, 0x000000070dc00000|  0%| F|  |TAMS 0x000000070da00000, 0x000000070da00000| Untracked 
|  60|0x000000070dc00000, 0x000000070dc00000, 0x000000070de00000|  0%| F|  |TAMS 0x000000070dc00000, 0x000000070dc00000| Untracked 
|  61|0x000000070de00000, 0x000000070de00000, 0x000000070e000000|  0%| F|  |TAMS 0x000000070de00000, 0x000000070de00000| Untracked 
|  62|0x000000070e000000, 0x000000070e000000, 0x000000070e200000|  0%| F|  |TAMS 0x000000070e000000, 0x000000070e000000| Untracked 
|  63|0x000000070e200000, 0x000000070e200000, 0x000000070e400000|  0%| F|  |TAMS 0x000000070e200000, 0x000000070e200000| Untracked 
|  64|0x000000070e400000, 0x000000070e400000, 0x000000070e600000|  0%| F|  |TAMS 0x000000070e400000, 0x000000070e400000| Untracked 
|  65|0x000000070e600000, 0x000000070e600000, 0x000000070e800000|  0%| F|  |TAMS 0x000000070e600000, 0x000000070e600000| Untracked 
|  66|0x000000070e800000, 0x000000070e800000, 0x000000070ea00000|  0%| F|  |TAMS 0x000000070e800000, 0x000000070e800000| Untracked 
|  67|0x000000070ea00000, 0x000000070ea00000, 0x000000070ec00000|  0%| F|  |TAMS 0x000000070ea00000, 0x000000070ea00000| Untracked 
|  68|0x000000070ec00000, 0x000000070ec00000, 0x000000070ee00000|  0%| F|  |TAMS 0x000000070ec00000, 0x000000070ec00000| Untracked 
|  69|0x000000070ee00000, 0x000000070ee00000, 0x000000070f000000|  0%| F|  |TAMS 0x000000070ee00000, 0x000000070ee00000| Untracked 
|  70|0x000000070f000000, 0x000000070f000000, 0x000000070f200000|  0%| F|  |TAMS 0x000000070f000000, 0x000000070f000000| Untracked 
|  71|0x000000070f200000, 0x000000070f200000, 0x000000070f400000|  0%| F|  |TAMS 0x000000070f200000, 0x000000070f200000| Untracked 
|  72|0x000000070f400000, 0x000000070f400000, 0x000000070f600000|  0%| F|  |TAMS 0x000000070f400000, 0x000000070f400000| Untracked 
|  73|0x000000070f600000, 0x000000070f600000, 0x000000070f800000|  0%| F|  |TAMS 0x000000070f600000, 0x000000070f600000| Untracked 
|  74|0x000000070f800000, 0x000000070f800000, 0x000000070fa00000|  0%| F|  |TAMS 0x000000070f800000, 0x000000070f800000| Untracked 
|  75|0x000000070fa00000, 0x000000070fa00000, 0x000000070fc00000|  0%| F|  |TAMS 0x000000070fa00000, 0x000000070fa00000| Untracked 
|  76|0x000000070fc00000, 0x000000070fc00000, 0x000000070fe00000|  0%| F|  |TAMS 0x000000070fc00000, 0x000000070fc00000| Untracked 
|  77|0x000000070fe00000, 0x000000070fe00000, 0x0000000710000000|  0%| F|  |TAMS 0x000000070fe00000, 0x000000070fe00000| Untracked 
|  78|0x0000000710000000, 0x0000000710000000, 0x0000000710200000|  0%| F|  |TAMS 0x0000000710000000, 0x0000000710000000| Untracked 
|  79|0x0000000710200000, 0x0000000710200000, 0x0000000710400000|  0%| F|  |TAMS 0x0000000710200000, 0x0000000710200000| Untracked 
|  80|0x0000000710400000, 0x0000000710400000, 0x0000000710600000|  0%| F|  |TAMS 0x0000000710400000, 0x0000000710400000| Untracked 
|  81|0x0000000710600000, 0x0000000710600000, 0x0000000710800000|  0%| F|  |TAMS 0x0000000710600000, 0x0000000710600000| Untracked 
|  82|0x0000000710800000, 0x0000000710800000, 0x0000000710a00000|  0%| F|  |TAMS 0x0000000710800000, 0x0000000710800000| Untracked 
|  83|0x0000000710a00000, 0x0000000710a00000, 0x0000000710c00000|  0%| F|  |TAMS 0x0000000710a00000, 0x0000000710a00000| Untracked 
|  84|0x0000000710c00000, 0x0000000710c00000, 0x0000000710e00000|  0%| F|  |TAMS 0x0000000710c00000, 0x0000000710c00000| Untracked 
|  85|0x0000000710e00000, 0x0000000710e00000, 0x0000000711000000|  0%| F|  |TAMS 0x0000000710e00000, 0x0000000710e00000| Untracked 
|  86|0x0000000711000000, 0x0000000711000000, 0x0000000711200000|  0%| F|  |TAMS 0x0000000711000000, 0x0000000711000000| Untracked 
|  87|0x0000000711200000, 0x0000000711200000, 0x0000000711400000|  0%| F|  |TAMS 0x0000000711200000, 0x0000000711200000| Untracked 
|  88|0x0000000711400000, 0x0000000711400000, 0x0000000711600000|  0%| F|  |TAMS 0x0000000711400000, 0x0000000711400000| Untracked 
|  89|0x0000000711600000, 0x0000000711600000, 0x0000000711800000|  0%| F|  |TAMS 0x0000000711600000, 0x0000000711600000| Untracked 
|  90|0x0000000711800000, 0x0000000711800000, 0x0000000711a00000|  0%| F|  |TAMS 0x0000000711800000, 0x0000000711800000| Untracked 
|  91|0x0000000711a00000, 0x0000000711a00000, 0x0000000711c00000|  0%| F|  |TAMS 0x0000000711a00000, 0x0000000711a00000| Untracked 
|  92|0x0000000711c00000, 0x0000000711c00000, 0x0000000711e00000|  0%| F|  |TAMS 0x0000000711c00000, 0x0000000711c00000| Untracked 
|  93|0x0000000711e00000, 0x0000000711e00000, 0x0000000712000000|  0%| F|  |TAMS 0x0000000711e00000, 0x0000000711e00000| Untracked 
|  94|0x0000000712000000, 0x0000000712000000, 0x0000000712200000|  0%| F|  |TAMS 0x0000000712000000, 0x0000000712000000| Untracked 
|  95|0x0000000712200000, 0x0000000712200000, 0x0000000712400000|  0%| F|  |TAMS 0x0000000712200000, 0x0000000712200000| Untracked 
|  96|0x0000000712400000, 0x0000000712400000, 0x0000000712600000|  0%| F|  |TAMS 0x0000000712400000, 0x0000000712400000| Untracked 
|  97|0x0000000712600000, 0x0000000712600000, 0x0000000712800000|  0%| F|  |TAMS 0x0000000712600000, 0x0000000712600000| Untracked 
|  98|0x0000000712800000, 0x0000000712800000, 0x0000000712a00000|  0%| F|  |TAMS 0x0000000712800000, 0x0000000712800000| Untracked 
|  99|0x0000000712a00000, 0x0000000712a00000, 0x0000000712c00000|  0%| F|  |TAMS 0x0000000712a00000, 0x0000000712a00000| Untracked 
| 100|0x0000000712c00000, 0x0000000712c00000, 0x0000000712e00000|  0%| F|  |TAMS 0x0000000712c00000, 0x0000000712c00000| Untracked 
| 101|0x0000000712e00000, 0x0000000712e00000, 0x0000000713000000|  0%| F|  |TAMS 0x0000000712e00000, 0x0000000712e00000| Untracked 
| 102|0x0000000713000000, 0x0000000713000000, 0x0000000713200000|  0%| F|  |TAMS 0x0000000713000000, 0x0000000713000000| Untracked 
| 103|0x0000000713200000, 0x0000000713200000, 0x0000000713400000|  0%| F|  |TAMS 0x0000000713200000, 0x0000000713200000| Untracked 
| 104|0x0000000713400000, 0x0000000713400000, 0x0000000713600000|  0%| F|  |TAMS 0x0000000713400000, 0x0000000713400000| Untracked 
| 105|0x0000000713600000, 0x0000000713600000, 0x0000000713800000|  0%| F|  |TAMS 0x0000000713600000, 0x0000000713600000| Untracked 
| 106|0x0000000713800000, 0x0000000713800000, 0x0000000713a00000|  0%| F|  |TAMS 0x0000000713800000, 0x0000000713800000| Untracked 
| 107|0x0000000713a00000, 0x0000000713a00000, 0x0000000713c00000|  0%| F|  |TAMS 0x0000000713a00000, 0x0000000713a00000| Untracked 
| 108|0x0000000713c00000, 0x0000000713c00000, 0x0000000713e00000|  0%| F|  |TAMS 0x0000000713c00000, 0x0000000713c00000| Untracked 
| 109|0x0000000713e00000, 0x0000000713e00000, 0x0000000714000000|  0%| F|  |TAMS 0x0000000713e00000, 0x0000000713e00000| Untracked 
| 110|0x0000000714000000, 0x0000000714000000, 0x0000000714200000|  0%| F|  |TAMS 0x0000000714000000, 0x0000000714000000| Untracked 
| 111|0x0000000714200000, 0x0000000714200000, 0x0000000714400000|  0%| F|  |TAMS 0x0000000714200000, 0x0000000714200000| Untracked 
| 112|0x0000000714400000, 0x0000000714400000, 0x0000000714600000|  0%| F|  |TAMS 0x0000000714400000, 0x0000000714400000| Untracked 
| 113|0x0000000714600000, 0x0000000714600000, 0x0000000714800000|  0%| F|  |TAMS 0x0000000714600000, 0x0000000714600000| Untracked 
| 114|0x0000000714800000, 0x0000000714800000, 0x0000000714a00000|  0%| F|  |TAMS 0x0000000714800000, 0x0000000714800000| Untracked 
| 115|0x0000000714a00000, 0x0000000714a00000, 0x0000000714c00000|  0%| F|  |TAMS 0x0000000714a00000, 0x0000000714a00000| Untracked 
| 116|0x0000000714c00000, 0x0000000714c00000, 0x0000000714e00000|  0%| F|  |TAMS 0x0000000714c00000, 0x0000000714c00000| Untracked 
| 117|0x0000000714e00000, 0x0000000714e00000, 0x0000000715000000|  0%| F|  |TAMS 0x0000000714e00000, 0x0000000714e00000| Untracked 
| 118|0x0000000715000000, 0x0000000715000000, 0x0000000715200000|  0%| F|  |TAMS 0x0000000715000000, 0x0000000715000000| Untracked 
| 119|0x0000000715200000, 0x0000000715200000, 0x0000000715400000|  0%| F|  |TAMS 0x0000000715200000, 0x0000000715200000| Untracked 
| 120|0x0000000715400000, 0x0000000715400000, 0x0000000715600000|  0%| F|  |TAMS 0x0000000715400000, 0x0000000715400000| Untracked 
| 121|0x0000000715600000, 0x0000000715600000, 0x0000000715800000|  0%| F|  |TAMS 0x0000000715600000, 0x0000000715600000| Untracked 
| 122|0x0000000715800000, 0x00000007159ab5d0, 0x0000000715a00000| 83%| E|  |TAMS 0x0000000715800000, 0x0000000715800000| Complete 
| 123|0x0000000715a00000, 0x0000000715c00000, 0x0000000715c00000|100%| E|CS|TAMS 0x0000000715a00000, 0x0000000715a00000| Complete 
| 124|0x0000000715c00000, 0x0000000715e00000, 0x0000000715e00000|100%| E|CS|TAMS 0x0000000715c00000, 0x0000000715c00000| Complete 

Card table byte_map: [0x0000025963910000,0x00000259640e0000] _byte_map_base: 0x00000259600de000

Marking Bits (Prev, Next): (CMBitMap*) 0x000002594e9da380, (CMBitMap*) 0x000002594e9da3c0
 Prev Bits: [0x00000259648b0000, 0x0000025968720000)
 Next Bits: [0x0000025968720000, 0x000002596c590000)

Polling page: 0x000002594e840000

Metaspace:

Usage:
  Non-class:      8.22 MB used.
      Class:    783.16 KB used.
       Both:      8.99 MB used.

Virtual space:
  Non-class space:       16.00 MB reserved,       8.31 MB ( 52%) committed,  2 nodes.
      Class space:        1.00 GB reserved,     832.00 KB ( <1%) committed,  1 nodes.
              Both:        1.02 GB reserved,       9.12 MB ( <1%) committed. 

Chunk freelists:
   Non-Class:  3.73 MB
       Class:  3.23 MB
        Both:  6.96 MB

MaxMetaspaceSize: 17179869184.00 GB
CompressedClassSpaceSize: 1.00 GB
 - commit_granule_bytes: 65536.
 - commit_granule_words: 8192.
 - virtual_space_node_default_size: 1048576.
 - enlarge_chunks_in_place: 1.
 - new_chunks_are_fully_committed: 0.
 - uncommit_free_chunks: 1.
 - use_allocation_guard: 0.
 - handle_deallocations: 1.


Internal statistics:

num_allocs_failed_limit: 0.
num_arena_births: 10.
num_arena_deaths: 0.
num_vsnodes_births: 3.
num_vsnodes_deaths: 0.
num_space_committed: 146.
num_space_uncommitted: 0.
num_chunks_returned_to_freelist: 0.
num_chunks_taken_from_freelist: 51.
num_chunk_merges: 0.
num_chunk_splits: 21.
num_chunks_enlarged: 13.
num_purges: 0.

CodeHeap 'non-profiled nmethods': size=120000Kb used=124Kb max_used=124Kb free=119875Kb
 bounds [0x000002595b190000, 0x000002595b400000, 0x00000259626c0000]
CodeHeap 'profiled nmethods': size=120000Kb used=534Kb max_used=534Kb free=119466Kb
 bounds [0x0000025953c60000, 0x0000025953ed0000, 0x000002595b190000]
CodeHeap 'non-nmethods': size=5760Kb used=1198Kb max_used=1216Kb free=4561Kb
 bounds [0x00000259536c0000, 0x0000025953930000, 0x0000025953c60000]
 total_blobs=806 nmethods=403 adapters=316
 compilation: enabled
              stopped_count=0, restarted_count=0
 full_count=0

Compilation events (20 events):
Event: 343.196 Thread 0x000002596fc894a0  403       3       org.eclipse.jdt.launching.internal.org.objectweb.asm.SymbolTable::add (39 bytes)
Event: 343.196 Thread 0x000002596fc894a0 nmethod 403 0x0000025953ce4790 code [0x0000025953ce4940, 0x0000025953ce4cb8]
Event: 365.255 Thread 0x000002596fc894a0  404       3       org.eclipse.jdt.launching.internal.org.objectweb.asm.SymbolTable::addConstantUtf8 (20 bytes)
Event: 365.255 Thread 0x000002596fc894a0 nmethod 404 0x0000025953ce4e10 code [0x0000025953ce4fe0, 0x0000025953ce52a8]
Event: 375.146 Thread 0x000002596fc86e80  405       4       org.eclipse.jdt.launching.internal.org.objectweb.asm.ClassReader::readUnsignedShort (26 bytes)
Event: 375.148 Thread 0x000002596fc86e80 

Event: 398.553 Thread 0x000002596fc894a0  406       3       org.eclipse.jdt.launching.internal.org.objectweb.asm.SymbolTable$Entry::<init> (17 bytes)
Event: 398.555 Thread 0x000002596fc894a0 nmethod 406 0x0000025953ce5410 code [0x0000025953ce55c0, 0x0000025953ce5768]
Event: 477.672 Thread 0x000002596fc86e80  407       4       java.lang.AbstractStringBuilder::ensureCapacityInternal (39 bytes)
Event: 477.677 Thread 0x000002596fc86e80 

Event: 500.581 Thread 0x000002596fc86e80  408       4       org.eclipse.jdt.launching.internal.org.objectweb.asm.ClassReader::readUnsignedShort (26 bytes)
Event: 500.584 Thread 0x000002596fc86e80 

Event: 546.335 Thread 0x000002596fc894a0  409       1       java.security.ProtectionDomain::getCodeSource (5 bytes)
Event: 546.335 Thread 0x000002596fc894a0 nmethod 409 0x000002595b1aec90 code [0x000002595b1aee20, 0x000002595b1aeef8]
Event: 546.335 Thread 0x000002596fc894a0  410       3       org.eclipse.jdt.launching.internal.org.objectweb.asm.ByteVector::putShort (52 bytes)
Event: 546.338 Thread 0x000002596fc894a0 

Event: 571.428 Thread 0x000002596fc86e80  411       4       org.eclipse.jdt.launching.internal.org.objectweb.asm.ClassReader::readUnsignedShort (26 bytes)
Event: 571.430 Thread 0x000002596fc86e80 

Event: 592.091 Thread 0x000002596fc894a0  412       1       java.nio.Buffer::limit (5 bytes)
Event: 592.091 Thread 0x000002596fc894a0 nmethod 412 0x000002595b1aef90 code [0x000002595b1af120, 0x000002595b1af1f8]

GC Heap History (0 events):
No events

Deoptimization events (20 events):
Event: 0.325 Thread 0x000002594e98bd40 DEOPT PACKING pc=0x0000025953ccd567 sp=0x000000f6062f8350
Event: 0.325 Thread 0x000002594e98bd40 DEOPT UNPACKING pc=0x000002595370dece sp=0x000000f6062f77b8 mode 0
Event: 0.326 Thread 0x000002594e98bd40 DEOPT PACKING pc=0x0000025953ccd567 sp=0x000000f6062f8350
Event: 0.326 Thread 0x000002594e98bd40 DEOPT UNPACKING pc=0x000002595370dece sp=0x000000f6062f77b8 mode 0
Event: 0.326 Thread 0x000002594e98bd40 DEOPT PACKING pc=0x0000025953ccd567 sp=0x000000f6062f8350
Event: 0.326 Thread 0x000002594e98bd40 DEOPT UNPACKING pc=0x000002595370dece sp=0x000000f6062f77b8 mode 0
Event: 0.326 Thread 0x000002594e98bd40 DEOPT PACKING pc=0x0000025953ccd567 sp=0x000000f6062f8350
Event: 0.326 Thread 0x000002594e98bd40 DEOPT UNPACKING pc=0x000002595370dece sp=0x000000f6062f77b8 mode 0
Event: 0.326 Thread 0x000002594e98bd40 DEOPT PACKING pc=0x0000025953ccd567 sp=0x000000f6062f8350
Event: 0.326 Thread 0x000002594e98bd40 DEOPT UNPACKING pc=0x000002595370dece sp=0x000000f6062f77b8 mode 0
Event: 0.328 Thread 0x000002594e98bd40 DEOPT PACKING pc=0x0000025953ccd567 sp=0x000000f6062fbd80
Event: 0.328 Thread 0x000002594e98bd40 DEOPT UNPACKING pc=0x000002595370dece sp=0x000000f6062fb1e8 mode 0
Event: 0.328 Thread 0x000002594e98bd40 DEOPT PACKING pc=0x0000025953ccd567 sp=0x000000f6062fbd80
Event: 0.328 Thread 0x000002594e98bd40 DEOPT UNPACKING pc=0x000002595370dece sp=0x000000f6062fb1e8 mode 0
Event: 0.328 Thread 0x000002594e98bd40 DEOPT PACKING pc=0x0000025953ccd567 sp=0x000000f6062fbd80
Event: 0.328 Thread 0x000002594e98bd40 DEOPT UNPACKING pc=0x000002595370dece sp=0x000000f6062fb1e8 mode 0
Event: 0.328 Thread 0x000002594e98bd40 DEOPT PACKING pc=0x0000025953ccd567 sp=0x000000f6062fbd80
Event: 0.328 Thread 0x000002594e98bd40 DEOPT UNPACKING pc=0x000002595370dece sp=0x000000f6062fb1e8 mode 0
Event: 0.329 Thread 0x000002594e98bd40 DEOPT PACKING pc=0x0000025953ccd567 sp=0x000000f6062f82d0
Event: 0.329 Thread 0x000002594e98bd40 DEOPT UNPACKING pc=0x000002595370dece sp=0x000000f6062f7738 mode 0

Classes unloaded (0 events):
No events

Classes redefined (17 events):
Event: 102.256 Thread 0x000002596fc31020 redefined class name=string_Practice.Methods_2_String, count=1
Event: 200.575 Thread 0x000002596fc31020 redefined class name=string_Practice.Methods_2_String, count=2
Event: 262.995 Thread 0x000002596fc31020 redefined class name=string_Practice.Methods_2_String, count=3
Event: 285.138 Thread 0x000002596fc31020 redefined class name=string_Practice.Methods_2_String, count=4
Event: 343.193 Thread 0x000002596fc31020 redefined class name=string_Practice.Methods_2_String, count=5
Event: 365.256 Thread 0x000002596fc31020 redefined class name=string_Practice.Methods_2_String, count=6
Event: 375.146 Thread 0x000002596fc31020 redefined class name=string_Practice.Methods_2_String, count=7
Event: 381.852 Thread 0x000002596fc31020 redefined class name=string_Practice.Methods_2_String, count=8
Event: 398.554 Thread 0x000002596fc31020 redefined class name=string_Practice.Methods_2_String, count=9
Event: 426.671 Thread 0x000002596fc31020 redefined class name=string_Practice.Methods_2_String, count=10
Event: 443.339 Thread 0x000002596fc31020 redefined class name=string_Practice.Methods_2_String, count=11
Event: 477.673 Thread 0x000002596fc31020 redefined class name=string_Practice.Methods_2_String, count=12
Event: 500.582 Thread 0x000002596fc31020 redefined class name=string_Practice.Methods_2_String, count=13
Event: 529.649 Thread 0x000002596fc31020 redefined class name=string_Practice.Methods_2_String, count=14
Event: 546.335 Thread 0x000002596fc31020 redefined class name=string_Practice.Methods_2_String, count=15
Event: 567.149 Thread 0x000002596fc31020 redefined class name=string_Practice.Methods_2_String, count=16
Event: 571.428 Thread 0x000002596fc31020 redefined class name=string_Practice.Methods_2_String, count=17

Internal exceptions (1 events):
Event: 0.310 Thread 0x000002594e98bd40 Exception <a 'java/lang/NoSuchMethodError'{0x000000071589b3b8}: 'java.lang.Object java.lang.invoke.DirectMethodHandle$Holder.invokeStatic(java.lang.Object)'> (0x000000071589b3b8) 
thrown [t:\workspace\open\src\hotspot\share\interpreter\linkResolver.cpp, line 790]

Events (20 events):
Event: 546.350 Executing  VM operation: ChangeBreakpoints
Event: 546.350 Executing  VM operation: ChangeBreakpoints done
Event: 567.148 Executing  VM operation: RedefineClasses
Event: 567.151 Executing  VM operation: RedefineClasses done
Event: 567.155 Executing  VM operation: ChangeBreakpoints
Event: 567.155 Executing  VM operation: ChangeBreakpoints done
Event: 567.155 Executing  VM operation: ChangeBreakpoints
Event: 567.156 Executing  VM operation: ChangeBreakpoints done
Event: 567.158 Executing  VM operation: ChangeBreakpoints
Event: 567.158 Executing  VM operation: ChangeBreakpoints done
Event: 571.428 Executing  VM operation: RedefineClasses
Event: 571.430 Executing  VM operation: RedefineClasses done
Event: 571.437 Executing  VM operation: ChangeBreakpoints
Event: 571.437 Executing  VM operation: ChangeBreakpoints done
Event: 571.438 Executing  VM operation: ChangeBreakpoints
Event: 571.438 Executing  VM operation: ChangeBreakpoints done
Event: 571.440 Executing  VM operation: ChangeBreakpoints
Event: 571.441 Executing  VM operation: ChangeBreakpoints done
Event: 578.882 Executing  VM operation: ChangeBreakpoints
Event: 578.882 Executing  VM operation: ChangeBreakpoints done


Dynamic libraries:
0x00007ff6b5020000 - 0x00007ff6b502e000 	C:\Users\UNIFY\.p2\pool\plugins\org.eclipse.justj.openjdk.hotspot.jre.full.win32.x86_64_16.0.2.v20210721-1149\jre\bin\javaw.exe
0x00007ff846370000 - 0x00007ff846568000 	C:\Windows\SYSTEM32\ntdll.dll
0x00007ff845ce0000 - 0x00007ff845d9d000 	C:\Windows\System32\KERNEL32.DLL
0x00007ff844100000 - 0x00007ff8443ce000 	C:\Windows\System32\KERNELBASE.dll
0x00007ff843fb0000 - 0x00007ff8440b0000 	C:\Windows\System32\ucrtbase.dll
0x00007ff83f510000 - 0x00007ff83f528000 	C:\Users\UNIFY\.p2\pool\plugins\org.eclipse.justj.openjdk.hotspot.jre.full.win32.x86_64_16.0.2.v20210721-1149\jre\bin\jli.dll
0x00007ff823e40000 - 0x00007ff823e59000 	C:\Users\UNIFY\.p2\pool\plugins\org.eclipse.justj.openjdk.hotspot.jre.full.win32.x86_64_16.0.2.v20210721-1149\jre\bin\VCRUNTIME140.dll
0x00007ff846020000 - 0x00007ff8461c0000 	C:\Windows\System32\USER32.dll
0x00007ff8233b0000 - 0x00007ff82364a000 	C:\Windows\WinSxS\amd64_microsoft.windows.common-controls_6595b64144ccf1df_6.0.19041.1110_none_60b5254171f9507e\COMCTL32.dll
0x00007ff843c30000 - 0x00007ff843c52000 	C:\Windows\System32\win32u.dll
0x00007ff845330000 - 0x00007ff84535a000 	C:\Windows\System32\GDI32.dll
0x00007ff845da0000 - 0x00007ff845e3e000 	C:\Windows\System32\msvcrt.dll
0x00007ff843dc0000 - 0x00007ff843ecb000 	C:\Windows\System32\gdi32full.dll
0x00007ff843b20000 - 0x00007ff843bbd000 	C:\Windows\System32\msvcp_win.dll
0x00007ff844950000 - 0x00007ff844980000 	C:\Windows\System32\IMM32.DLL
0x00007ff83f4b0000 - 0x00007ff83f4bc000 	C:\Users\UNIFY\.p2\pool\plugins\org.eclipse.justj.openjdk.hotspot.jre.full.win32.x86_64_16.0.2.v20210721-1149\jre\bin\vcruntime140_1.dll
0x00007ff817fb0000 - 0x00007ff818041000 	C:\Users\UNIFY\.p2\pool\plugins\org.eclipse.justj.openjdk.hotspot.jre.full.win32.x86_64_16.0.2.v20210721-1149\jre\bin\msvcp140.dll
0x00007ffffc610000 - 0x00007ffffd1bb000 	C:\Users\UNIFY\.p2\pool\plugins\org.eclipse.justj.openjdk.hotspot.jre.full.win32.x86_64_16.0.2.v20210721-1149\jre\bin\server\jvm.dll
0x00007ff844430000 - 0x00007ff8444de000 	C:\Windows\System32\ADVAPI32.dll
0x00007ff845370000 - 0x00007ff84540c000 	C:\Windows\System32\sechost.dll
0x00007ff844b40000 - 0x00007ff844c65000 	C:\Windows\System32\RPCRT4.dll
0x00007ff844980000 - 0x00007ff844988000 	C:\Windows\System32\PSAPI.DLL
0x00007ff83f4a0000 - 0x00007ff83f4a9000 	C:\Windows\SYSTEM32\WSOCK32.dll
0x00007ff83af20000 - 0x00007ff83af2a000 	C:\Windows\SYSTEM32\VERSION.dll
0x00007ff82ea60000 - 0x00007ff82ea87000 	C:\Windows\SYSTEM32\WINMM.dll
0x00007ff845410000 - 0x00007ff84547b000 	C:\Windows\System32\WS2_32.dll
0x00007ff841b70000 - 0x00007ff841b82000 	C:\Windows\SYSTEM32\kernel.appcore.dll
0x00007ff83d640000 - 0x00007ff83d64a000 	C:\Users\UNIFY\.p2\pool\plugins\org.eclipse.justj.openjdk.hotspot.jre.full.win32.x86_64_16.0.2.v20210721-1149\jre\bin\jimage.dll
0x00007ff841960000 - 0x00007ff841b44000 	C:\Windows\SYSTEM32\DBGHELP.DLL
0x00007ff82c270000 - 0x00007ff82c29c000 	C:\Windows\SYSTEM32\dbgcore.DLL
0x00007ff843a90000 - 0x00007ff843b12000 	C:\Windows\System32\bcryptPrimitives.dll
0x00007ff818220000 - 0x00007ff81825b000 	C:\Users\UNIFY\.p2\pool\plugins\org.eclipse.justj.openjdk.hotspot.jre.full.win32.x86_64_16.0.2.v20210721-1149\jre\bin\jdwp.dll
0x00007ff82b990000 - 0x00007ff82b99e000 	C:\Users\UNIFY\.p2\pool\plugins\org.eclipse.justj.openjdk.hotspot.jre.full.win32.x86_64_16.0.2.v20210721-1149\jre\bin\instrument.dll
0x00007ff8182a0000 - 0x00007ff8182c5000 	C:\Users\UNIFY\.p2\pool\plugins\org.eclipse.justj.openjdk.hotspot.jre.full.win32.x86_64_16.0.2.v20210721-1149\jre\bin\java.dll
0x00007ff82ba00000 - 0x00007ff82ba18000 	C:\Users\UNIFY\.p2\pool\plugins\org.eclipse.justj.openjdk.hotspot.jre.full.win32.x86_64_16.0.2.v20210721-1149\jre\bin\zip.dll
0x00007ff845590000 - 0x00007ff845cd4000 	C:\Windows\System32\SHELL32.dll
0x00007ff841b90000 - 0x00007ff842324000 	C:\Windows\SYSTEM32\windows.storage.dll
0x00007ff844590000 - 0x00007ff8448e4000 	C:\Windows\System32\combase.dll
0x00007ff8434f0000 - 0x00007ff843520000 	C:\Windows\SYSTEM32\Wldp.dll
0x00007ff8444e0000 - 0x00007ff84458d000 	C:\Windows\System32\SHCORE.dll
0x00007ff8448f0000 - 0x00007ff844945000 	C:\Windows\System32\shlwapi.dll
0x00007ff8439d0000 - 0x00007ff8439ef000 	C:\Windows\SYSTEM32\profapi.dll
0x00007ff823ee0000 - 0x00007ff823eec000 	C:\Users\UNIFY\.p2\pool\plugins\org.eclipse.justj.openjdk.hotspot.jre.full.win32.x86_64_16.0.2.v20210721-1149\jre\bin\dt_socket.dll
0x00007ff842e70000 - 0x00007ff842eab000 	C:\Windows\SYSTEM32\IPHLPAPI.DLL
0x00007ff843180000 - 0x00007ff8431ea000 	C:\Windows\system32\mswsock.dll
0x00007ff842eb0000 - 0x00007ff842f7b000 	C:\Windows\SYSTEM32\DNSAPI.dll
0x00007ff8454a0000 - 0x00007ff8454a8000 	C:\Windows\System32\NSI.dll
0x00007ff83c530000 - 0x00007ff83c53a000 	C:\Windows\System32\rasadhlp.dll
0x00007ff83c450000 - 0x00007ff83c4d0000 	C:\Windows\System32\fwpuclnt.dll
0x00007ff843f80000 - 0x00007ff843fa7000 	C:\Windows\System32\bcrypt.dll
0x00007ff818280000 - 0x00007ff818299000 	C:\Users\UNIFY\.p2\pool\plugins\org.eclipse.justj.openjdk.hotspot.jre.full.win32.x86_64_16.0.2.v20210721-1149\jre\bin\net.dll
0x00007ff83f370000 - 0x00007ff83f47a000 	C:\Windows\SYSTEM32\WINHTTP.dll
0x00007ff818260000 - 0x00007ff818273000 	C:\Users\UNIFY\.p2\pool\plugins\org.eclipse.justj.openjdk.hotspot.jre.full.win32.x86_64_16.0.2.v20210721-1149\jre\bin\nio.dll
0x00007ff82c470000 - 0x00007ff82c480000 	C:\Users\UNIFY\.p2\pool\plugins\org.eclipse.justj.openjdk.hotspot.jre.full.win32.x86_64_16.0.2.v20210721-1149\jre\bin\verify.dll

dbghelp: loaded successfully - version: 4.0.5 - missing functions: none
symbol engine: initialized successfully - sym options: 0x614 - pdb path: .;C:\Users\UNIFY\.p2\pool\plugins\org.eclipse.justj.openjdk.hotspot.jre.full.win32.x86_64_16.0.2.v20210721-1149\jre\bin;C:\Windows\SYSTEM32;C:\Windows\WinSxS\amd64_microsoft.windows.common-controls_6595b64144ccf1df_6.0.19041.1110_none_60b5254171f9507e;C:\Users\UNIFY\.p2\pool\plugins\org.eclipse.justj.openjdk.hotspot.jre.full.win32.x86_64_16.0.2.v20210721-1149\jre\bin\server

VM Arguments:
jvm_args: -XX:+ShowCodeDetailsInExceptionMessages -agentlib:jdwp=transport=dt_socket,suspend=y,address=localhost:51256 -javaagent:C:\Users\UNIFY\eclipse\java-2021-06\eclipse\configuration\org.eclipse.osgi\222\0\.cp\lib\javaagent-shaded.jar -Dfile.encoding=Cp1252 
java_command: string_Practice.Methods_2_String
java_class_path (initial): C:\Users\UNIFY\eclipse-workspace\JavaPractice\bin
Launcher Type: SUN_STANDARD

[Global flags]
     intx CICompilerCount                          = 4                                         {product} {ergonomic}
     uint ConcGCThreads                            = 2                                         {product} {ergonomic}
     uint G1ConcRefinementThreads                  = 8                                         {product} {ergonomic}
   size_t G1HeapRegionSize                         = 2097152                                   {product} {ergonomic}
    uintx GCDrainStackTargetSize                   = 64                                        {product} {ergonomic}
   size_t InitialHeapSize                          = 262144000                                 {product} {ergonomic}
   size_t MarkStackSize                            = 4194304                                   {product} {ergonomic}
   size_t MaxHeapSize                              = 4190109696                                {product} {ergonomic}
   size_t MaxNewSize                               = 2512388096                                {product} {ergonomic}
   size_t MinHeapDeltaBytes                        = 2097152                                   {product} {ergonomic}
   size_t MinHeapSize                              = 8388608                                   {product} {ergonomic}
    uintx NonNMethodCodeHeapSize                   = 5839372                                {pd product} {ergonomic}
    uintx NonProfiledCodeHeapSize                  = 122909434                              {pd product} {ergonomic}
    uintx ProfiledCodeHeapSize                     = 122909434                              {pd product} {ergonomic}
    uintx ReservedCodeCacheSize                    = 251658240                              {pd product} {ergonomic}
     bool SegmentedCodeCache                       = true                                      {product} {ergonomic}
     bool ShowCodeDetailsInExceptionMessages       = true                                   {manageable} {command line}
   size_t SoftMaxHeapSize                          = 4190109696                             {manageable} {ergonomic}
     bool UseCompressedClassPointers               = true                           {product lp64_product} {ergonomic}
     bool UseCompressedOops                        = true                           {product lp64_product} {ergonomic}
     bool UseG1GC                                  = true                                      {product} {ergonomic}
     bool UseLargePagesIndividualAllocation        = false                                  {pd product} {ergonomic}

Logging:
Log output configuration:
 #0: stdout all=warning uptime,level,tags
 #1: stderr all=off uptime,level,tags

Environment Variables:
PATH=C:\Users\UNIFY\.p2\pool\plugins\org.eclipse.justj.openjdk.hotspot.jre.full.win32.x86_64_16.0.2.v20210721-1149\jre\bin;C:/Users/UNIFY/.p2/pool/plugins/org.eclipse.justj.openjdk.hotspot.jre.full.win32.x86_64_16.0.2.v20210721-1149/jre/bin/server;C:/Users/UNIFY/.p2/pool/plugins/org.eclipse.justj.openjdk.hotspot.jre.full.win32.x86_64_16.0.2.v20210721-1149/jre/bin;C:\Program Files\Common Files\Oracle\Java\javapath;C:\Windows\system32;C:\Windows;C:\Windows\System32\Wbem;C:\Windows\System32\WindowsPowerShell\v1.0\;C:\Windows\System32\OpenSSH\;C:\Program Files\MySQL\MySQL Shell 8.0\bin\;C:\Users\UNIFY\AppData\Local\Microsoft\WindowsApps;;C:\Windows\system32;
USERNAME=UNIFY
OS=Windows_NT
PROCESSOR_IDENTIFIER=Intel64 Family 6 Model 142 Stepping 12, GenuineIntel



---------------  S Y S T E M  ---------------

OS:
 Windows 10 , 64 bit Build 19041 (10.0.19041.1806)
OS uptime: 0 days 0:57 hours

CPU: total 8 (initial active 8) (4 cores per cpu, 2 threads per core) family 6 model 142 stepping 12 microcode 0xd6, cx8, cmov, fxsr, ht, mmx, 3dnowpref, sse, sse2, sse3, ssse3, sse4.1, sse4.2, popcnt, lzcnt, tsc, tscinvbit, avx, avx2, aes, erms, clmul, bmi1, bmi2, adx, fma, vzeroupper, clflush, clflushopt

Memory: 4k page, system-wide physical 15980M (10454M free)
TotalPageFile size 27756M (AvailPageFile size 21623M)
current process WorkingSet (physical memory assigned to process): 45M, peak: 46M
current process commit charge ("private bytes"): 336M, peak: 339M

vm_info: OpenJDK 64-Bit Server VM (16.0.2+7-67) for windows-amd64 JRE (16.0.2+7-67), built on Jun  8 2021 23:21:43 by "mach5one" with MS VC++ 16.7 (VS2019)

END.
